<?xml version="1.0" encoding="UTF-8" ?>
<testsuite tests="5" failures="0" name="com.yc.spring.test.ioc.Ioc01Test" time="0.002" errors="0" skipped="0">
  <properties>
[...]
</properties>
  <testcase classname="com.yc.spring.test.ioc.Ioc01Test" name="test1" time="0.001"/>
  <testcase classname="com.yc.spring.test.ioc.Ioc01Test" name="test2" time="0.001"/>
  <testcase classname="com.yc.spring.test.ioc.Ioc01Test" name="test3" time="0"/>
  <testcase classname="com.yc.spring.test.ioc.Ioc01Test" name="test4" time="0"/>
  <testcase classname="com.yc.spring.test.ioc.Ioc01Test" name="test5" time="0"/>
</testsuite>